2024-02-22 06:42:14,737 - root - INFO - *************** Test_01 *****************
2024-02-22 06:42:19,397 - root - INFO - *************** Rejecting the consent popup *****************
2024-02-22 06:42:19,513 - root - INFO - *************** Clicking into shop icon *****************
2024-02-22 06:42:25,688 - root - INFO - *************** Showing the product names *****************
2024-02-22 06:42:30,808 - root - INFO - *************** Test Case Passed *****************
2024-02-22 06:52:46,243 - root - INFO - *************** Test_01 *****************
2024-02-22 06:52:50,464 - root - INFO - *************** Rejecting the consent popup *****************
2024-02-22 06:52:50,583 - root - INFO - *************** Clicking into shop icon *****************
2024-02-22 06:52:56,918 - root - INFO - *************** Showing the product names *****************
2024-02-22 06:53:02,051 - root - INFO - *************** Test Case Passed *****************
2024-02-22 06:53:06,173 - root - INFO - *************** Test_02 *****************
2024-02-22 06:53:10,104 - root - INFO - *************** Rejecting the consent popup *****************
2024-02-22 06:53:10,219 - root - INFO - *************** Clicking into shop icon *****************
2024-02-22 06:53:16,830 - root - INFO - *************** Test_03 *****************
2024-02-22 06:53:19,965 - root - INFO - *************** Rejecting the consent popup *****************
2024-02-22 06:53:20,079 - root - INFO - *************** Clicking into shop icon *****************
2024-02-22 06:53:26,968 - root - INFO - *************** Test_04 *****************
2024-02-22 06:53:30,833 - root - INFO - *************** Rejecting the consent popup *****************
2024-02-22 06:53:30,952 - root - INFO - *************** Clicking into shop icon *****************
2024-02-22 06:53:37,965 - root - INFO - *************** Test_05 *****************
2024-02-22 06:53:42,168 - root - INFO - *************** Rejecting the consent popup *****************
2024-02-22 06:53:42,287 - root - INFO - *************** Clicking into shop icon *****************
2024-02-22 06:53:48,891 - root - INFO - *************** Test_06 *****************
2024-02-22 06:53:53,370 - root - INFO - *************** Rejecting the consent popup *****************
2024-02-22 06:53:53,484 - root - INFO - *************** Clicking into shop icon *****************
2024-02-22 06:54:00,684 - root - INFO - *************** Test_07 *****************
2024-02-22 06:54:04,911 - root - INFO - *************** Rejecting the consent popup *****************
2024-02-22 06:54:05,026 - root - INFO - *************** Clicking into shop icon *****************
2024-02-22 06:54:12,184 - root - INFO - *************** Test_09 *****************
2024-02-22 06:54:16,071 - root - INFO - *************** Rejecting the consent popup *****************
2024-02-22 06:54:16,188 - root - INFO - *************** Clicking into shop icon *****************
2024-02-22 06:54:28,426 - root - INFO - *************** Test_10 *****************
2024-02-22 06:54:32,347 - root - INFO - *************** Rejecting the consent popup *****************
2024-02-22 06:54:32,465 - root - INFO - *************** Clicking into shop icon *****************
2024-02-22 06:55:31,691 - root - INFO - *************** Test_11 *****************
2024-02-22 06:55:35,635 - root - INFO - *************** Rejecting the consent popup *****************
2024-02-22 06:55:35,750 - root - INFO - *************** Clicking into shop icon *****************
2024-02-22 06:56:07,837 - root - INFO - *************** Test_12 *****************
2024-02-22 06:56:12,032 - root - INFO - *************** Rejecting the consent popup *****************
2024-02-22 06:56:12,150 - root - INFO - *************** Clicking into shop icon *****************
2024-02-22 07:06:26,988 - root - INFO - *************** Test_01 *****************
2024-02-22 07:06:31,282 - root - INFO - *************** Rejecting the consent popup *****************
2024-02-22 07:06:31,399 - root - INFO - *************** Clicking into shop icon *****************
2024-02-22 07:06:34,564 - root - INFO - *************** Showing the product names *****************
2024-02-22 07:06:34,715 - root - INFO - *************** Test Case Passed *****************
2024-02-22 07:09:53,158 - root - INFO - *************** Test_01 *****************
2024-02-22 07:09:57,082 - root - INFO - *************** Rejecting the consent popup *****************
2024-02-22 07:09:57,230 - root - INFO - *************** Clicking into shop icon *****************
2024-02-22 07:10:00,429 - root - INFO - *************** Showing the product names *****************
2024-02-22 07:10:00,568 - root - INFO - *************** Test Case Passed *****************
2024-02-22 07:14:21,996 - root - INFO - *************** Test_01 *****************
2024-02-22 07:14:25,335 - root - INFO - *************** Rejecting the consent popup *****************
2024-02-22 07:14:25,486 - root - INFO - *************** Clicking into shop icon *****************
2024-02-22 07:14:28,510 - root - INFO - *************** Showing the product names *****************
2024-02-22 07:14:28,660 - root - INFO - *************** Test Case Passed *****************
2024-02-22 07:14:32,814 - root - INFO - *************** Test_11 *****************
2024-02-22 07:14:36,916 - root - INFO - *************** Rejecting the consent popup *****************
2024-02-22 07:14:37,068 - root - INFO - *************** Clicking into shop icon *****************
2024-02-22 07:15:31,767 - root - INFO - *************** Test_01 *****************
2024-02-22 07:15:36,118 - root - INFO - *************** Rejecting the consent popup *****************
2024-02-22 07:15:36,257 - root - INFO - *************** Clicking into shop icon *****************
2024-02-22 07:15:39,414 - root - INFO - *************** Showing the product names *****************
2024-02-22 07:15:39,542 - root - INFO - *************** Test Case Passed *****************
2024-02-22 07:15:43,582 - root - INFO - *************** Test_11 *****************
2024-02-22 07:15:47,472 - root - INFO - *************** Rejecting the consent popup *****************
2024-02-22 07:15:47,618 - root - INFO - *************** Clicking into shop icon *****************
2024-02-22 07:17:16,828 - root - INFO - *************** Test_10 *****************
2024-02-22 07:17:21,069 - root - INFO - *************** Rejecting the consent popup *****************
2024-02-22 07:17:21,206 - root - INFO - *************** Clicking into shop icon *****************
2024-02-22 07:18:41,091 - root - INFO - *************** Test_10 *****************
2024-02-22 07:18:45,001 - root - INFO - *************** Rejecting the consent popup *****************
2024-02-22 07:18:45,139 - root - INFO - *************** Clicking into shop icon *****************
2024-02-22 09:46:46,364 - root - INFO - *************** Test_01 *****************
2024-02-22 09:46:50,644 - root - INFO - *************** Rejecting the consent popup *****************
2024-02-22 09:46:50,793 - root - INFO - *************** Clicking into shop icon *****************
2024-02-22 09:46:54,649 - root - INFO - *************** Showing the product names *****************
2024-02-22 09:46:54,762 - root - INFO - *************** Test Case Passed *****************
2024-02-22 10:12:53,378 - root - INFO - *************** Test_12 *****************
2024-02-22 10:12:58,023 - root - INFO - *************** Rejecting the consent popup *****************
2024-02-22 10:12:58,165 - root - INFO - *************** Clicking into shop icon *****************
2024-02-22 10:14:18,031 - root - INFO - *************** Test_12 *****************
2024-02-22 10:14:23,166 - root - INFO - *************** Rejecting the consent popup *****************
2024-02-22 10:14:23,299 - root - INFO - *************** Clicking into shop icon *****************
2024-02-22 10:14:52,614 - root - INFO - *************** Test_12 *****************
2024-02-22 10:14:57,157 - root - INFO - *************** Rejecting the consent popup *****************
2024-02-22 10:14:57,295 - root - INFO - *************** Clicking into shop icon *****************
2024-02-22 10:15:29,962 - root - INFO - *************** Test_12 *****************
2024-02-22 10:15:34,556 - root - INFO - *************** Rejecting the consent popup *****************
2024-02-22 10:15:34,694 - root - INFO - *************** Clicking into shop icon *****************
2024-02-22 10:20:21,486 - root - INFO - *************** Test_12 *****************
2024-02-22 10:20:29,666 - root - INFO - *************** Rejecting the consent popup *****************
2024-02-22 10:20:29,807 - root - INFO - *************** Clicking into shop icon *****************
2024-02-22 10:21:54,440 - root - INFO - *************** Test_12 *****************
2024-02-22 10:21:58,938 - root - INFO - *************** Rejecting the consent popup *****************
2024-02-22 10:21:59,077 - root - INFO - *************** Clicking into shop icon *****************
2024-02-22 10:22:11,070 - root - INFO - *************** Country is India *****************
2024-02-22 10:22:41,211 - root - INFO - *************** Test_12 *****************
2024-02-22 10:22:59,227 - root - INFO - *************** Rejecting the consent popup *****************
2024-02-22 10:22:59,367 - root - INFO - *************** Clicking into shop icon *****************
2024-02-22 10:23:11,579 - root - INFO - *************** Country is India *****************
2024-02-22 10:23:33,206 - root - INFO - *************** Test_12 *****************
2024-02-22 10:23:37,025 - root - INFO - *************** Rejecting the consent popup *****************
2024-02-22 10:23:37,165 - root - INFO - *************** Clicking into shop icon *****************
2024-02-22 10:23:49,337 - root - INFO - *************** Country is not India *****************
2024-02-22 10:45:51,714 - root - INFO - *************** Test_12 *****************
2024-02-22 10:45:56,510 - root - INFO - *************** Rejecting the consent popup *****************
2024-02-22 10:45:56,659 - root - INFO - *************** Clicking into shop icon *****************
2024-02-22 10:46:09,775 - root - INFO - *************** Country is not India *****************
2024-02-22 10:47:35,574 - root - INFO - *************** Test_12 *****************
2024-02-22 10:47:40,513 - root - INFO - *************** Rejecting the consent popup *****************
2024-02-22 10:47:40,658 - root - INFO - *************** Clicking into shop icon *****************
2024-02-22 10:47:52,921 - root - INFO - *************** Country is not India *****************
2024-02-22 10:51:45,631 - root - INFO - *************** Test_01 *****************
2024-02-22 10:51:49,388 - root - INFO - *************** Rejecting the consent popup *****************
2024-02-22 10:51:49,542 - root - INFO - *************** Clicking into shop icon *****************
2024-02-22 10:51:52,821 - root - INFO - *************** Showing the filtered product names *****************
2024-02-22 10:51:52,960 - root - INFO - *************** Test Case Passed *****************
2024-02-22 10:51:57,055 - root - INFO - *************** Test_02 *****************
2024-02-22 10:52:00,865 - root - INFO - *************** Rejecting the consent popup *****************
2024-02-22 10:52:01,013 - root - INFO - *************** Clicking into shop icon *****************
2024-02-22 10:52:03,273 - root - INFO - *************** Showing the filtered product names as per Product Category*****************
2024-02-22 10:52:03,295 - root - INFO - *************** Test Case Passed *****************
2024-02-22 10:52:07,329 - root - INFO - *************** Test_03 *****************
2024-02-22 10:52:30,840 - root - INFO - *************** Rejecting the consent popup *****************
2024-02-22 10:52:30,986 - root - INFO - *************** Clicking into shop icon *****************
2024-02-22 10:52:34,776 - root - INFO - *************** Sorting by popularity *****************
2024-02-22 10:52:34,964 - root - INFO - *************** Test Case Passed *****************
2024-02-22 10:52:39,049 - root - INFO - *************** Test_04 *****************
2024-02-22 10:52:43,399 - root - INFO - *************** Rejecting the consent popup *****************
2024-02-22 10:52:43,547 - root - INFO - *************** Clicking into shop icon *****************
2024-02-22 10:52:46,469 - root - INFO - *************** Sorting by average rating *****************
2024-02-22 10:52:46,634 - root - INFO - *************** Test Case Passed *****************
2024-02-22 10:52:50,678 - root - INFO - *************** Test_05 *****************
2024-02-22 10:52:54,724 - root - INFO - *************** Rejecting the consent popup *****************
2024-02-22 10:52:54,870 - root - INFO - *************** Clicking into shop icon *****************
2024-02-22 10:52:57,684 - root - INFO - *************** Sorting by Newness *****************
2024-02-22 10:52:57,909 - root - INFO - *************** Test Case Passed *****************
2024-02-22 10:53:01,952 - root - INFO - *************** Test_06 *****************
2024-02-22 10:53:05,986 - root - INFO - *************** Rejecting the consent popup *****************
2024-02-22 10:53:06,121 - root - INFO - *************** Clicking into shop icon *****************
2024-02-22 10:53:08,774 - root - INFO - *************** Sorting by low to high *****************
2024-02-22 10:53:09,022 - root - INFO - *************** Test Case Passed *****************
2024-02-22 10:53:13,106 - root - INFO - *************** Test_07 *****************
2024-02-22 10:53:17,014 - root - INFO - *************** Rejecting the consent popup *****************
2024-02-22 10:53:17,162 - root - INFO - *************** Clicking into shop icon *****************
2024-02-22 10:53:20,231 - root - INFO - *************** Sorting by high to low *****************
2024-02-22 10:53:20,388 - root - INFO - *************** Test Case Passed *****************
2024-02-22 10:53:24,446 - root - INFO - *************** Test_09 *****************
2024-02-22 10:53:28,646 - root - INFO - *************** Rejecting the consent popup *****************
2024-02-22 10:53:28,789 - root - INFO - *************** Clicking into shop icon *****************
2024-02-22 10:53:30,869 - root - INFO - *************** Checking the Sale Products prices *****************
2024-02-22 10:53:37,761 - root - INFO - *************** Test Case Passed *****************
2024-02-22 10:53:41,944 - root - INFO - *************** Test_10 *****************
2024-02-22 10:53:46,044 - root - INFO - *************** Rejecting the consent popup *****************
2024-02-22 10:53:46,193 - root - INFO - *************** Clicking into shop icon *****************
2024-02-22 10:53:54,173 - root - INFO - *************** Add customer details *****************
2024-02-22 10:53:59,545 - root - INFO - *************** Test Case Passed *****************
2024-02-22 10:54:03,622 - root - INFO - *************** Test_11 *****************
2024-02-22 10:54:08,070 - root - INFO - *************** Rejecting the consent popup *****************
2024-02-22 10:54:08,211 - root - INFO - *************** Clicking into shop icon *****************
2024-02-22 10:54:16,548 - root - INFO - *************** Add customer details *****************
2024-02-22 10:54:21,784 - root - INFO - *************** Test Case Passed *****************
2024-02-22 10:54:25,805 - root - INFO - *************** Test_12 *****************
2024-02-22 10:54:30,221 - root - INFO - *************** Rejecting the consent popup *****************
2024-02-22 10:54:30,354 - root - INFO - *************** Clicking into shop icon *****************
2024-02-22 10:54:42,574 - root - INFO - *************** Country is not India *****************
